c:\dev\learnopengl\first-project\first-project\x64\debug\vc142.pdb
c:\dev\learnopengl\first-project\first-project\x64\debug\vc142.idb
c:\dev\learnopengl\first-project\first-project\x64\debug\glad.obj
c:\dev\learnopengl\first-project\first-project\x64\debug\main.obj
c:\dev\learnopengl\first-project\first-project\x64\debug\csp.obj
c:\dev\learnopengl\first-project\x64\debug\first-project.exe
c:\dev\learnopengl\first-project\x64\debug\first-project.ilk
c:\dev\learnopengl\first-project\x64\debug\first-project.pdb
c:\dev\learnopengl\first-project\first-project\x64\debug\first-project.tlog\cl.command.1.tlog
c:\dev\learnopengl\first-project\first-project\x64\debug\first-project.tlog\cl.read.1.tlog
c:\dev\learnopengl\first-project\first-project\x64\debug\first-project.tlog\cl.write.1.tlog
c:\dev\learnopengl\first-project\first-project\x64\debug\first-project.tlog\link-cvtres.read.1.tlog
c:\dev\learnopengl\first-project\first-project\x64\debug\first-project.tlog\link-cvtres.write.1.tlog
c:\dev\learnopengl\first-project\first-project\x64\debug\first-project.tlog\link-rc.read.1.tlog
c:\dev\learnopengl\first-project\first-project\x64\debug\first-project.tlog\link-rc.write.1.tlog
c:\dev\learnopengl\first-project\first-project\x64\debug\first-project.tlog\link.4644-cvtres.read.1.tlog
c:\dev\learnopengl\first-project\first-project\x64\debug\first-project.tlog\link.4644-cvtres.write.1.tlog
c:\dev\learnopengl\first-project\first-project\x64\debug\first-project.tlog\link.4644-rc.read.1.tlog
c:\dev\learnopengl\first-project\first-project\x64\debug\first-project.tlog\link.4644-rc.write.1.tlog
c:\dev\learnopengl\first-project\first-project\x64\debug\first-project.tlog\link.4644.read.1.tlog
c:\dev\learnopengl\first-project\first-project\x64\debug\first-project.tlog\link.4644.write.1.tlog
c:\dev\learnopengl\first-project\first-project\x64\debug\first-project.tlog\link.command.1.tlog
c:\dev\learnopengl\first-project\first-project\x64\debug\first-project.tlog\link.read.1.tlog
c:\dev\learnopengl\first-project\first-project\x64\debug\first-project.tlog\link.write.1.tlog
